  Bank_System.cpp
C:\Users\Hp\source\repos\Bank_System\Bank_System\clsString.h(38,19): warning C4267: 'return': conversion from 'size_t' to 'short', possible loss of data
  (compiling source file 'Bank_System.cpp')
  
C:\Users\Hp\source\repos\Bank_System\Bank_System\clsString.h(43,23): warning C4267: 'return': conversion from 'size_t' to 'short', possible loss of data
  (compiling source file 'Bank_System.cpp')
  
C:\Users\Hp\source\repos\Bank_System\Bank_System\clsString.h(55,24): warning C4267: '=': conversion from 'size_t' to 'short', possible loss of data
  (compiling source file 'Bank_System.cpp')
  
C:\Users\Hp\source\repos\Bank_System\Bank_System\clsString.h(192,20): warning C4267: 'return': conversion from 'size_t' to 'short', possible loss of data
  (compiling source file 'Bank_System.cpp')
  
C:\Users\Hp\source\repos\Bank_System\Bank_System\clsString.h(323,24): warning C4267: '=': conversion from 'size_t' to 'short', possible loss of data
  (compiling source file 'Bank_System.cpp')
  
C:\Users\Hp\source\repos\Bank_System\Bank_System\clsString.h(371,16): warning C4267: 'initializing': conversion from 'size_t' to 'short', possible loss of data
  (compiling source file 'Bank_System.cpp')
  
C:\Users\Hp\source\repos\Bank_System\Bank_System\clsUtil.h(64,5): warning C4102: 'defualt': unreferenced label
  (compiling source file 'Bank_System.cpp')
  
C:\Users\Hp\source\repos\Bank_System\Bank_System\clsUser.h(198,12): warning C4240: nonstandard extension used: access to 'clsUser::stLoginRegisterRecord' now defined to be 'public', previously it was defined to be 'private'
  (compiling source file 'Bank_System.cpp')
      C:\Users\Hp\source\repos\Bank_System\Bank_System\clsUser.h(26,12):
      see declaration of 'clsUser::stLoginRegisterRecord'
  
C:\Users\Hp\source\repos\Bank_System\Bank_System\clsInputValidate.h(113,16): warning C4244: 'initializing': conversion from 'double' to 'float', possible loss of data
  (compiling source file 'Bank_System.cpp')
  
C:\Users\Hp\source\repos\Bank_System\Bank_System\clsInputValidate.h(117,26): warning C4244: '=': conversion from 'double' to 'float', possible loss of data
  (compiling source file 'Bank_System.cpp')
  
C:\Users\Hp\source\repos\Bank_System\Bank_System\clsBankClient.h(206,12): warning C4240: nonstandard extension used: access to 'clsBankClient::stTrnsferLogRecord' now defined to be 'public', previously it was defined to be 'private'
  (compiling source file 'Bank_System.cpp')
      C:\Users\Hp\source\repos\Bank_System\Bank_System\clsBankClient.h(152,12):
      see declaration of 'clsBankClient::stTrnsferLogRecord'
  
C:\Users\Hp\source\repos\Bank_System\Bank_System\clsBankClient.h(28,65): warning C4244: 'argument': conversion from 'double' to 'float', possible loss of data
  (compiling source file 'Bank_System.cpp')
  
C:\Users\Hp\source\repos\Bank_System\Bank_System\clsBankClient.h(162,39): warning C4244: '=': conversion from 'double' to 'float', possible loss of data
  (compiling source file 'Bank_System.cpp')
  
C:\Users\Hp\source\repos\Bank_System\Bank_System\clsBankClient.h(163,48): warning C4244: '=': conversion from 'double' to 'float', possible loss of data
  (compiling source file 'Bank_System.cpp')
  
C:\Users\Hp\source\repos\Bank_System\Bank_System\clsBankClient.h(164,49): warning C4244: '=': conversion from 'double' to 'float', possible loss of data
  (compiling source file 'Bank_System.cpp')
  
C:\Users\Hp\source\repos\Bank_System\Bank_System\clsBankClient.h(421,28): warning C4244: '+=': conversion from 'double' to 'float', possible loss of data
  (compiling source file 'Bank_System.cpp')
  
C:\Users\Hp\source\repos\Bank_System\Bank_System\clsBankClient.h(434,32): warning C4244: '-=': conversion from 'double' to 'float', possible loss of data
  (compiling source file 'Bank_System.cpp')
  
C:\Users\Hp\source\repos\Bank_System\Bank_System\clsAddNewClientScreen.h(30,66): warning C4244: 'argument': conversion from 'double' to 'float', possible loss of data
  (compiling source file 'Bank_System.cpp')
  
C:\Users\Hp\source\repos\Bank_System\Bank_System\clsUpdateClientScreen.h(47,66): warning C4244: 'argument': conversion from 'double' to 'float', possible loss of data
  (compiling source file 'Bank_System.cpp')
  
C:\Users\Hp\source\repos\Bank_System\Bank_System\clsTotalBalancesScreen.h(57,82): warning C4244: 'argument': conversion from 'double' to 'int', possible loss of data
  (compiling source file 'Bank_System.cpp')
  
C:\Users\Hp\source\repos\Bank_System\Bank_System\clsTransferScreen.h(42,51): warning C4244: '=': conversion from 'double' to 'float', possible loss of data
  (compiling source file 'Bank_System.cpp')
  
C:\Users\Hp\source\repos\Bank_System\Bank_System\clsTransferScreen.h(47,53): warning C4244: '=': conversion from 'double' to 'float', possible loss of data
  (compiling source file 'Bank_System.cpp')
  
C:\Users\Hp\source\repos\Bank_System\Bank_System\clsCurrency.h(27,17): warning C4244: 'argument': conversion from 'double' to 'float', possible loss of data
  (compiling source file 'Bank_System.cpp')
  
C:\Users\Hp\source\repos\Bank_System\Bank_System\clsUpdateCurrencyRateScreen.h(17,52): warning C4244: '=': conversion from 'double' to 'float', possible loss of data
  (compiling source file 'Bank_System.cpp')
  
C:\Users\Hp\source\repos\Bank_System\Bank_System\clsCurrencyCalculatorScreen.h(17,51): warning C4244: '=': conversion from 'double' to 'float', possible loss of data
  (compiling source file 'Bank_System.cpp')
  
  clsClientListScreen.h
C:\Users\Hp\source\repos\Bank_System\Bank_System\clsString.h(38,19): warning C4267: 'return': conversion from 'size_t' to 'short', possible loss of data
  (compiling source file 'clsClientListScreen.h')
  
C:\Users\Hp\source\repos\Bank_System\Bank_System\clsString.h(43,23): warning C4267: 'return': conversion from 'size_t' to 'short', possible loss of data
  (compiling source file 'clsClientListScreen.h')
  
C:\Users\Hp\source\repos\Bank_System\Bank_System\clsString.h(55,24): warning C4267: '=': conversion from 'size_t' to 'short', possible loss of data
  (compiling source file 'clsClientListScreen.h')
  
C:\Users\Hp\source\repos\Bank_System\Bank_System\clsString.h(192,20): warning C4267: 'return': conversion from 'size_t' to 'short', possible loss of data
  (compiling source file 'clsClientListScreen.h')
  
C:\Users\Hp\source\repos\Bank_System\Bank_System\clsString.h(323,24): warning C4267: '=': conversion from 'size_t' to 'short', possible loss of data
  (compiling source file 'clsClientListScreen.h')
  
C:\Users\Hp\source\repos\Bank_System\Bank_System\clsString.h(371,16): warning C4267: 'initializing': conversion from 'size_t' to 'short', possible loss of data
  (compiling source file 'clsClientListScreen.h')
  
C:\Users\Hp\source\repos\Bank_System\Bank_System\clsUtil.h(64,5): warning C4102: 'defualt': unreferenced label
  (compiling source file 'clsClientListScreen.h')
  
C:\Users\Hp\source\repos\Bank_System\Bank_System\clsUser.h(198,12): warning C4240: nonstandard extension used: access to 'clsUser::stLoginRegisterRecord' now defined to be 'public', previously it was defined to be 'private'
  (compiling source file 'clsClientListScreen.h')
      C:\Users\Hp\source\repos\Bank_System\Bank_System\clsUser.h(26,12):
      see declaration of 'clsUser::stLoginRegisterRecord'
  
C:\Users\Hp\source\repos\Bank_System\Bank_System\clsBankClient.h(206,12): warning C4240: nonstandard extension used: access to 'clsBankClient::stTrnsferLogRecord' now defined to be 'public', previously it was defined to be 'private'
  (compiling source file 'clsClientListScreen.h')
      C:\Users\Hp\source\repos\Bank_System\Bank_System\clsBankClient.h(152,12):
      see declaration of 'clsBankClient::stTrnsferLogRecord'
  
C:\Users\Hp\source\repos\Bank_System\Bank_System\clsBankClient.h(28,65): warning C4244: 'argument': conversion from 'double' to 'float', possible loss of data
  (compiling source file 'clsClientListScreen.h')
  
C:\Users\Hp\source\repos\Bank_System\Bank_System\clsBankClient.h(162,39): warning C4244: '=': conversion from 'double' to 'float', possible loss of data
  (compiling source file 'clsClientListScreen.h')
  
C:\Users\Hp\source\repos\Bank_System\Bank_System\clsBankClient.h(163,48): warning C4244: '=': conversion from 'double' to 'float', possible loss of data
  (compiling source file 'clsClientListScreen.h')
  
C:\Users\Hp\source\repos\Bank_System\Bank_System\clsBankClient.h(164,49): warning C4244: '=': conversion from 'double' to 'float', possible loss of data
  (compiling source file 'clsClientListScreen.h')
  
C:\Users\Hp\source\repos\Bank_System\Bank_System\clsBankClient.h(421,28): warning C4244: '+=': conversion from 'double' to 'float', possible loss of data
  (compiling source file 'clsClientListScreen.h')
  
C:\Users\Hp\source\repos\Bank_System\Bank_System\clsBankClient.h(434,32): warning C4244: '-=': conversion from 'double' to 'float', possible loss of data
  (compiling source file 'clsClientListScreen.h')
  
  clsCurrencyCalculatorScreen.h
C:\Users\Hp\source\repos\Bank_System\Bank_System\clsString.h(38,19): warning C4267: 'return': conversion from 'size_t' to 'short', possible loss of data
  (compiling source file 'clsCurrencyCalculatorScreen.h')
  
C:\Users\Hp\source\repos\Bank_System\Bank_System\clsString.h(43,23): warning C4267: 'return': conversion from 'size_t' to 'short', possible loss of data
  (compiling source file 'clsCurrencyCalculatorScreen.h')
  
C:\Users\Hp\source\repos\Bank_System\Bank_System\clsString.h(55,24): warning C4267: '=': conversion from 'size_t' to 'short', possible loss of data
  (compiling source file 'clsCurrencyCalculatorScreen.h')
  
C:\Users\Hp\source\repos\Bank_System\Bank_System\clsString.h(192,20): warning C4267: 'return': conversion from 'size_t' to 'short', possible loss of data
  (compiling source file 'clsCurrencyCalculatorScreen.h')
  
C:\Users\Hp\source\repos\Bank_System\Bank_System\clsString.h(323,24): warning C4267: '=': conversion from 'size_t' to 'short', possible loss of data
  (compiling source file 'clsCurrencyCalculatorScreen.h')
  
C:\Users\Hp\source\repos\Bank_System\Bank_System\clsString.h(371,16): warning C4267: 'initializing': conversion from 'size_t' to 'short', possible loss of data
  (compiling source file 'clsCurrencyCalculatorScreen.h')
  
C:\Users\Hp\source\repos\Bank_System\Bank_System\clsUtil.h(64,5): warning C4102: 'defualt': unreferenced label
  (compiling source file 'clsCurrencyCalculatorScreen.h')
  
C:\Users\Hp\source\repos\Bank_System\Bank_System\clsUser.h(198,12): warning C4240: nonstandard extension used: access to 'clsUser::stLoginRegisterRecord' now defined to be 'public', previously it was defined to be 'private'
  (compiling source file 'clsCurrencyCalculatorScreen.h')
      C:\Users\Hp\source\repos\Bank_System\Bank_System\clsUser.h(26,12):
      see declaration of 'clsUser::stLoginRegisterRecord'
  
C:\Users\Hp\source\repos\Bank_System\Bank_System\clsCurrency.h(27,17): warning C4244: 'argument': conversion from 'double' to 'float', possible loss of data
  (compiling source file 'clsCurrencyCalculatorScreen.h')
  
C:\Users\Hp\source\repos\Bank_System\Bank_System\clsInputValidate.h(113,16): warning C4244: 'initializing': conversion from 'double' to 'float', possible loss of data
  (compiling source file 'clsCurrencyCalculatorScreen.h')
  
C:\Users\Hp\source\repos\Bank_System\Bank_System\clsInputValidate.h(117,26): warning C4244: '=': conversion from 'double' to 'float', possible loss of data
  (compiling source file 'clsCurrencyCalculatorScreen.h')
  
C:\Users\Hp\source\repos\Bank_System\Bank_System\clsCurrencyCalculatorScreen.h(17,51): warning C4244: '=': conversion from 'double' to 'float', possible loss of data
  clsDeleteClientScreen.h
C:\Users\Hp\source\repos\Bank_System\Bank_System\clsString.h(38,19): warning C4267: 'return': conversion from 'size_t' to 'short', possible loss of data
  (compiling source file 'clsDeleteClientScreen.h')
  
C:\Users\Hp\source\repos\Bank_System\Bank_System\clsString.h(43,23): warning C4267: 'return': conversion from 'size_t' to 'short', possible loss of data
  (compiling source file 'clsDeleteClientScreen.h')
  
C:\Users\Hp\source\repos\Bank_System\Bank_System\clsString.h(55,24): warning C4267: '=': conversion from 'size_t' to 'short', possible loss of data
  (compiling source file 'clsDeleteClientScreen.h')
  
C:\Users\Hp\source\repos\Bank_System\Bank_System\clsString.h(192,20): warning C4267: 'return': conversion from 'size_t' to 'short', possible loss of data
  (compiling source file 'clsDeleteClientScreen.h')
  
C:\Users\Hp\source\repos\Bank_System\Bank_System\clsString.h(323,24): warning C4267: '=': conversion from 'size_t' to 'short', possible loss of data
  (compiling source file 'clsDeleteClientScreen.h')
  
C:\Users\Hp\source\repos\Bank_System\Bank_System\clsString.h(371,16): warning C4267: 'initializing': conversion from 'size_t' to 'short', possible loss of data
  (compiling source file 'clsDeleteClientScreen.h')
  
C:\Users\Hp\source\repos\Bank_System\Bank_System\clsUtil.h(64,5): warning C4102: 'defualt': unreferenced label
  (compiling source file 'clsDeleteClientScreen.h')
  
C:\Users\Hp\source\repos\Bank_System\Bank_System\clsUser.h(198,12): warning C4240: nonstandard extension used: access to 'clsUser::stLoginRegisterRecord' now defined to be 'public', previously it was defined to be 'private'
  (compiling source file 'clsDeleteClientScreen.h')
      C:\Users\Hp\source\repos\Bank_System\Bank_System\clsUser.h(26,12):
      see declaration of 'clsUser::stLoginRegisterRecord'
  
C:\Users\Hp\source\repos\Bank_System\Bank_System\clsBankClient.h(206,12): warning C4240: nonstandard extension used: access to 'clsBankClient::stTrnsferLogRecord' now defined to be 'public', previously it was defined to be 'private'
  (compiling source file 'clsDeleteClientScreen.h')
      C:\Users\Hp\source\repos\Bank_System\Bank_System\clsBankClient.h(152,12):
      see declaration of 'clsBankClient::stTrnsferLogRecord'
  
C:\Users\Hp\source\repos\Bank_System\Bank_System\clsBankClient.h(28,65): warning C4244: 'argument': conversion from 'double' to 'float', possible loss of data
  (compiling source file 'clsDeleteClientScreen.h')
  
C:\Users\Hp\source\repos\Bank_System\Bank_System\clsBankClient.h(162,39): warning C4244: '=': conversion from 'double' to 'float', possible loss of data
  (compiling source file 'clsDeleteClientScreen.h')
  
C:\Users\Hp\source\repos\Bank_System\Bank_System\clsBankClient.h(163,48): warning C4244: '=': conversion from 'double' to 'float', possible loss of data
  (compiling source file 'clsDeleteClientScreen.h')
  
C:\Users\Hp\source\repos\Bank_System\Bank_System\clsBankClient.h(164,49): warning C4244: '=': conversion from 'double' to 'float', possible loss of data
  (compiling source file 'clsDeleteClientScreen.h')
  
C:\Users\Hp\source\repos\Bank_System\Bank_System\clsBankClient.h(421,28): warning C4244: '+=': conversion from 'double' to 'float', possible loss of data
  (compiling source file 'clsDeleteClientScreen.h')
  
C:\Users\Hp\source\repos\Bank_System\Bank_System\clsBankClient.h(434,32): warning C4244: '-=': conversion from 'double' to 'float', possible loss of data
  (compiling source file 'clsDeleteClientScreen.h')
  
C:\Users\Hp\source\repos\Bank_System\Bank_System\clsInputValidate.h(113,16): warning C4244: 'initializing': conversion from 'double' to 'float', possible loss of data
  (compiling source file 'clsDeleteClientScreen.h')
  
C:\Users\Hp\source\repos\Bank_System\Bank_System\clsInputValidate.h(117,26): warning C4244: '=': conversion from 'double' to 'float', possible loss of data
  (compiling source file 'clsDeleteClientScreen.h')
  
  Generating Code...
C:\Users\Hp\source\repos\Bank_System\Bank_System\clsBankClient.h(376,1): warning C4715: 'clsBankClient::Save': not all control paths return a value
C:\Users\Hp\source\repos\Bank_System\Bank_System\clsUser.h(360,1): warning C4715: 'clsUser::Save': not all control paths return a value
C:\Users\Hp\source\repos\Bank_System\Bank_System\clsBankClient.h(438,1): warning C4715: 'clsBankClient::Withdraw': not all control paths return a value
  Bank_System.vcxproj -> C:\Users\Hp\source\repos\Bank_System\x64\Debug\Bank_System.exe
